[32m[22:13:36.426] [main/INFO] [Launcher/MODLAUNCHER]: ModLauncher running: args [--launchTarget, forgeserver, --fml.neoForgeVersion, 21.1.235, --fml.fmlVersion, 4.0.42, --fml.mcVersion, 1.21.1, --fml.neoFormVersion, 20240808.144430, nogui] 
[m[32m[22:13:36.429] [main/INFO] [Launcher/MODLAUNCHER]: JVM identified as Arch Linux OpenJDK 64-Bit Server VM 21.0.11+10 
[m[32m[22:13:36.430] [main/INFO] [Launcher/MODLAUNCHER]: ModLauncher 11.0.5+main.901c6ea8 starting: java version 21.0.11 by Arch Linux; OS Linux arch amd64 version 7.0.13-1-MANJARO 
[m[32m[22:13:36.506] [main/INFO] [loading.ImmediateWindowHandler/]: ImmediateWindowProvider not loading because launch target is forgeserver 
[m[32m[22:13:36.549] [main/INFO] [mixin/]: SpongePowered MIXIN Subsystem Version=0.8.7 Source=union:/home/gerry/Sync-Projekte/Minecraft/neoforge-world-switcher/repro-server/libraries/net/fabricmc/sponge-mixin/0.15.2+mixin.0.8.7/sponge-mixin-0.15.2+mixin.0.8.7.jar%2373!/ Service=ModLauncher Env=SERVER 
[m[32m[22:13:36.835] [main/INFO] [loading.moddiscovery.ModDiscoverer/SCAN]: Found mod file "server-1.21.1-20240808.144430-srg.jar" [locator: production server provider +net.neoforged:neoforge:21.1.235:server] 
[m[32m[22:13:36.852] [main/INFO] [loading.moddiscovery.ModDiscoverer/SCAN]: Found mod file "neoforge-21.1.235-universal.jar" [locator: PathBasedLocator[name=neoforge, paths=[libraries/net/neoforged/neoforge/21.1.235/neoforge-21.1.235-universal.jar]], reader: mod manifest] 
[m[32m[22:13:36.859] [main/INFO] [loading.moddiscovery.ModDiscoverer/SCAN]: Found mod file "worldswitcher-1.0.0.jar" [locator: {mods folder locator at /home/gerry/Sync-Projekte/Minecraft/neoforge-world-switcher/repro-server/mods}, reader: mod manifest] 
[m[32m[22:13:36.955] [main/INFO] [loading.moddiscovery.locators.JarInJarDependencyLocator/]: Found 2 dependencies adding them to mods collection 
[m[32m[22:13:36.955] [main/INFO] [loading.moddiscovery.ModDiscoverer/SCAN]: Found gamelibrary file "mixinextras-neoforge-0.5.3.jar" [parent: neoforge-21.1.235-universal.jar, locator: jarinjar, reader: mod manifest] 
[m[32m[22:13:36.955] [main/INFO] [loading.moddiscovery.ModDiscoverer/SCAN]: Found library file "net.neoforged.neoforge-coremods-21.1.235.jar" [parent: neoforge-21.1.235-universal.jar, locator: jarinjar, reader: mod manifest] 
[m[32m[22:13:36.956] [main/INFO] [loading.moddiscovery.ModDiscoverer/]: 
     Mod List:
		Name Version (Mod Id)

		Minecraft 1.21.1 (minecraft)
		NeoForge 21.1.235 (neoforge)
		World Switcher 1.0.0 (worldswitcher) 
[m[32m[22:13:37.400] [main/INFO] [LaunchServiceHandler/MODLAUNCHER]: Launching target 'forgeserver' with arguments [nogui] 
[mWARN StatusConsoleListener Advanced terminal features are not available in this environment
[22:13:38] [main/INFO] [MixinExtras|Service/]: Initializing MixinExtras via com.llamalad7.mixinextras.service.MixinExtrasServiceImpl(version=0.5.3).
[22:13:41] [modloading-worker-0/INFO] [ne.ne.ne.co.NeoForgeMod/NEOFORGE-MOD]: NeoForge mod loading, version 21.1.235, for MC 1.21.1
[22:13:41] [modloading-worker-0/INFO] [ne.ge.wo.WorldSwitcherMod/]: World Switcher initialized
[22:13:42] [main/INFO] [mojang/YggdrasilAuthenticationService]: Environment: Environment[sessionHost=https://sessionserver.mojang.com, servicesHost=https://api.minecraftservices.com, name=PROD]
[22:13:42] [main/WARN] [minecraft/VanillaPackResourcesBuilder]: Assets URL 'union:/home/gerry/Sync-Projekte/Minecraft/neoforge-world-switcher/repro-server/libraries/net/minecraft/server/1.21.1-20240808.144430/server-1.21.1-20240808.144430-srg.jar%23118!/assets/.mcassetsroot' uses unexpected schema
[22:13:42] [main/WARN] [minecraft/VanillaPackResourcesBuilder]: Assets URL 'union:/home/gerry/Sync-Projekte/Minecraft/neoforge-world-switcher/repro-server/libraries/net/minecraft/server/1.21.1-20240808.144430/server-1.21.1-20240808.144430-srg.jar%23118!/data/.mcassetsroot' uses unexpected schema
[22:13:42] [main/INFO] [minecraft/Main]: No existing world data, creating new world
[22:13:43] [main/INFO] [minecraft/RecipeManager]: Loaded 1290 recipes
[22:13:43] [main/INFO] [minecraft/AdvancementTree]: Loaded 1399 advancements
[22:13:43] [Server thread/INFO] [minecraft/DedicatedServer]: Starting minecraft server version 1.21.1
[22:13:43] [Server thread/INFO] [minecraft/DedicatedServer]: Loading properties
[22:13:43] [Server thread/INFO] [minecraft/DedicatedServer]: Default game type: SURVIVAL
[22:13:43] [Server thread/INFO] [minecraft/MinecraftServer]: Generating keypair
[22:13:44] [Server thread/INFO] [minecraft/DedicatedServer]: Starting Minecraft server on *:25567
[22:13:44] [Server thread/INFO] [minecraft/ServerConnectionListener]: Using epoll channel type
[22:13:44] [Server thread/WARN] [minecraft/DedicatedServer]: **** SERVER IS RUNNING IN OFFLINE/INSECURE MODE!
[22:13:44] [Server thread/WARN] [minecraft/DedicatedServer]: The server will make no attempt to authenticate usernames. Beware.
[22:13:44] [Server thread/WARN] [minecraft/DedicatedServer]: While this makes the game possible to play without internet access, it also opens up the ability for hackers to connect with any username they choose.
[22:13:44] [Server thread/WARN] [minecraft/DedicatedServer]: To change this, set "online-mode" to "true" in the server.properties file.
[22:13:44] [Server thread/INFO] [minecraft/DedicatedServer]: Preparing level "world"
[22:13:47] [Server thread/INFO] [minecraft/MinecraftServer]: Preparing start region for dimension minecraft:overworld
[22:13:47] [Worker-Main-6/INFO] [minecraft/LoggerChunkProgressListener]: Preparing spawn area: 2%
[22:13:47] [Worker-Main-8/INFO] [minecraft/LoggerChunkProgressListener]: Preparing spawn area: 2%
[22:13:48] [Worker-Main-7/INFO] [minecraft/LoggerChunkProgressListener]: Preparing spawn area: 18%
[22:13:48] [Worker-Main-10/INFO] [minecraft/LoggerChunkProgressListener]: Preparing spawn area: 18%
[22:13:49] [Worker-Main-9/INFO] [minecraft/LoggerChunkProgressListener]: Preparing spawn area: 51%
[22:13:49] [Worker-Main-8/INFO] [minecraft/LoggerChunkProgressListener]: Preparing spawn area: 51%
[22:13:49] [Server thread/INFO] [minecraft/LoggerChunkProgressListener]: Time elapsed: 2681 ms
[22:13:49] [Server thread/INFO] [minecraft/DedicatedServer]: Done (5.801s)! For help, type "help"
[22:13:49] [Server thread/INFO] [ne.ne.ne.se.pe.PermissionAPI/]: Successfully initialized permission handler neoforge:default_handler
[22:13:52] [Server thread/INFO] [ne.ge.wo.WorldSwitcherMod/]: Loaded world 'reprowelt' as dimension worldswitcher:reprowelt (seed 777)
[22:13:52] [Server thread/INFO] [minecraft/MinecraftServer]: Created world reprowelt (seed 777) — click to switch
[22:13:52] [Server thread/WARN] [minecraft/MinecraftServer]: Can't keep up! Is the server overloaded? Running 2244ms or 44 ticks behind
[22:14:22] [Server thread/INFO] [minecraft/PlayerList]: TestBot[/127.0.0.1:52912] logged in with entity id 1 at (-8.5, 87.0, 1.5)
[22:14:22] [Server thread/INFO] [minecraft/MinecraftServer]: TestBot joined the game
[22:14:26] [Server thread/INFO] [minecraft/MinecraftServer]: [TestBot: Switched to reprowelt]
[22:14:27] [Server thread/INFO] [minecraft/MinecraftServer]: Made TestBot a server operator
[22:14:33] [Server thread/INFO] [minecraft/MinecraftServer]: TestBot was killed
[22:14:33] [Server thread/INFO] [minecraft/MinecraftServer]: [TestBot: Killed TestBot]
[22:14:41] [Server thread/INFO] [minecraft/MinecraftServer]: [TestBot: Switched to reprowelt]
[22:14:48] [Server thread/INFO] [minecraft/ServerGamePacketListenerImpl]: TestBot lost connection: Disconnected
[22:14:48] [Server thread/INFO] [minecraft/MinecraftServer]: TestBot left the game
[22:15:24] [Server thread/INFO] [minecraft/PlayerList]: TestBot[/127.0.0.1:41600] logged in with entity id 486 at (8.5, 71.0, 8.5)
[22:15:24] [Server thread/INFO] [minecraft/MinecraftServer]: TestBot joined the game
[22:15:32] [Server thread/INFO] [minecraft/MinecraftServer]: [TestBot: Set spawn point to 8, 71, 8 [0.0] in worldswitcher:reprowelt for TestBot]
[22:15:35] [Server thread/INFO] [minecraft/MinecraftServer]: TestBot was killed
[22:15:35] [Server thread/INFO] [minecraft/MinecraftServer]: [TestBot: Killed TestBot]
[22:15:48] [Server thread/INFO] [minecraft/ServerGamePacketListenerImpl]: TestBot lost connection: Disconnected
[22:15:48] [Server thread/INFO] [minecraft/MinecraftServer]: TestBot left the game
