[02Juli2026 22:13:36.426] [main/INFO] [cpw.mods.modlauncher.Launcher/MODLAUNCHER]: ModLauncher running: args [--launchTarget, forgeserver, --fml.neoForgeVersion, 21.1.235, --fml.fmlVersion, 4.0.42, --fml.mcVersion, 1.21.1, --fml.neoFormVersion, 20240808.144430, nogui]
[02Juli2026 22:13:36.429] [main/INFO] [cpw.mods.modlauncher.Launcher/MODLAUNCHER]: JVM identified as Arch Linux OpenJDK 64-Bit Server VM 21.0.11+10
[02Juli2026 22:13:36.430] [main/INFO] [cpw.mods.modlauncher.Launcher/MODLAUNCHER]: ModLauncher 11.0.5+main.901c6ea8 starting: java version 21.0.11 by Arch Linux; OS Linux arch amd64 version 7.0.13-1-MANJARO
[02Juli2026 22:13:36.506] [main/INFO] [net.neoforged.fml.loading.ImmediateWindowHandler/]: ImmediateWindowProvider not loading because launch target is forgeserver
[02Juli2026 22:13:36.549] [main/INFO] [mixin/]: SpongePowered MIXIN Subsystem Version=0.8.7 Source=union:/home/gerry/Sync-Projekte/Minecraft/neoforge-world-switcher/repro-server/libraries/net/fabricmc/sponge-mixin/0.15.2+mixin.0.8.7/sponge-mixin-0.15.2+mixin.0.8.7.jar%2373!/ Service=ModLauncher Env=SERVER
[02Juli2026 22:13:36.835] [main/INFO] [net.neoforged.fml.loading.moddiscovery.ModDiscoverer/SCAN]: Found mod file "server-1.21.1-20240808.144430-srg.jar" [locator: production server provider +net.neoforged:neoforge:21.1.235:server]
[02Juli2026 22:13:36.852] [main/INFO] [net.neoforged.fml.loading.moddiscovery.ModDiscoverer/SCAN]: Found mod file "neoforge-21.1.235-universal.jar" [locator: PathBasedLocator[name=neoforge, paths=[libraries/net/neoforged/neoforge/21.1.235/neoforge-21.1.235-universal.jar]], reader: mod manifest]
[02Juli2026 22:13:36.859] [main/INFO] [net.neoforged.fml.loading.moddiscovery.ModDiscoverer/SCAN]: Found mod file "worldswitcher-1.0.0.jar" [locator: {mods folder locator at /home/gerry/Sync-Projekte/Minecraft/neoforge-world-switcher/repro-server/mods}, reader: mod manifest]
[02Juli2026 22:13:36.955] [main/INFO] [net.neoforged.fml.loading.moddiscovery.locators.JarInJarDependencyLocator/]: Found 2 dependencies adding them to mods collection
[02Juli2026 22:13:36.955] [main/INFO] [net.neoforged.fml.loading.moddiscovery.ModDiscoverer/SCAN]: Found gamelibrary file "mixinextras-neoforge-0.5.3.jar" [parent: neoforge-21.1.235-universal.jar, locator: jarinjar, reader: mod manifest]
[02Juli2026 22:13:36.955] [main/INFO] [net.neoforged.fml.loading.moddiscovery.ModDiscoverer/SCAN]: Found library file "net.neoforged.neoforge-coremods-21.1.235.jar" [parent: neoforge-21.1.235-universal.jar, locator: jarinjar, reader: mod manifest]
[02Juli2026 22:13:36.956] [main/INFO] [net.neoforged.fml.loading.moddiscovery.ModDiscoverer/]: 
     Mod List:
		Name Version (Mod Id)

		Minecraft 1.21.1 (minecraft)
		NeoForge 21.1.235 (neoforge)
		World Switcher 1.0.0 (worldswitcher)
[02Juli2026 22:13:37.400] [main/INFO] [cpw.mods.modlauncher.LaunchServiceHandler/MODLAUNCHER]: Launching target 'forgeserver' with arguments [nogui]
[02Juli2026 22:13:38.139] [main/INFO] [MixinExtras|Service/]: Initializing MixinExtras via com.llamalad7.mixinextras.service.MixinExtrasServiceImpl(version=0.5.3).
[02Juli2026 22:13:41.982] [modloading-worker-0/INFO] [net.neoforged.neoforge.common.NeoForgeMod/NEOFORGE-MOD]: NeoForge mod loading, version 21.1.235, for MC 1.21.1
[02Juli2026 22:13:41.988] [modloading-worker-0/INFO] [net.geraldhofbauer.worldswitcher.WorldSwitcherMod/]: World Switcher initialized
[02Juli2026 22:13:42.263] [main/INFO] [com.mojang.authlib.yggdrasil.YggdrasilAuthenticationService/]: Environment: Environment[sessionHost=https://sessionserver.mojang.com, servicesHost=https://api.minecraftservices.com, name=PROD]
[02Juli2026 22:13:42.298] [main/WARN] [net.minecraft.server.packs.VanillaPackResourcesBuilder/]: Assets URL 'union:/home/gerry/Sync-Projekte/Minecraft/neoforge-world-switcher/repro-server/libraries/net/minecraft/server/1.21.1-20240808.144430/server-1.21.1-20240808.144430-srg.jar%23118!/assets/.mcassetsroot' uses unexpected schema
[02Juli2026 22:13:42.299] [main/WARN] [net.minecraft.server.packs.VanillaPackResourcesBuilder/]: Assets URL 'union:/home/gerry/Sync-Projekte/Minecraft/neoforge-world-switcher/repro-server/libraries/net/minecraft/server/1.21.1-20240808.144430/server-1.21.1-20240808.144430-srg.jar%23118!/data/.mcassetsroot' uses unexpected schema
[02Juli2026 22:13:42.803] [main/INFO] [net.minecraft.server.Main/]: No existing world data, creating new world
[02Juli2026 22:13:43.361] [main/INFO] [net.minecraft.world.item.crafting.RecipeManager/]: Loaded 1290 recipes
[02Juli2026 22:13:43.502] [main/INFO] [net.minecraft.advancements.AdvancementTree/]: Loaded 1399 advancements
[02Juli2026 22:13:43.981] [Server thread/INFO] [net.minecraft.server.dedicated.DedicatedServer/]: Starting minecraft server version 1.21.1
[02Juli2026 22:13:43.982] [Server thread/INFO] [net.minecraft.server.dedicated.DedicatedServer/]: Loading properties
[02Juli2026 22:13:43.982] [Server thread/INFO] [net.minecraft.server.dedicated.DedicatedServer/]: Default game type: SURVIVAL
[02Juli2026 22:13:43.982] [Server thread/INFO] [net.minecraft.server.MinecraftServer/]: Generating keypair
[02Juli2026 22:13:44.038] [Server thread/INFO] [net.minecraft.server.dedicated.DedicatedServer/]: Starting Minecraft server on *:25567
[02Juli2026 22:13:44.077] [Server thread/INFO] [net.minecraft.server.network.ServerConnectionListener/]: Using epoll channel type
[02Juli2026 22:13:44.103] [Server thread/WARN] [net.minecraft.server.dedicated.DedicatedServer/]: **** SERVER IS RUNNING IN OFFLINE/INSECURE MODE!
[02Juli2026 22:13:44.104] [Server thread/WARN] [net.minecraft.server.dedicated.DedicatedServer/]: The server will make no attempt to authenticate usernames. Beware.
[02Juli2026 22:13:44.104] [Server thread/WARN] [net.minecraft.server.dedicated.DedicatedServer/]: While this makes the game possible to play without internet access, it also opens up the ability for hackers to connect with any username they choose.
[02Juli2026 22:13:44.104] [Server thread/WARN] [net.minecraft.server.dedicated.DedicatedServer/]: To change this, set "online-mode" to "true" in the server.properties file.
[02Juli2026 22:13:44.142] [Server thread/INFO] [net.minecraft.server.dedicated.DedicatedServer/]: Preparing level "world"
[02Juli2026 22:13:47.235] [Server thread/INFO] [net.minecraft.server.MinecraftServer/]: Preparing start region for dimension minecraft:overworld
[02Juli2026 22:13:47.260] [Worker-Main-6/INFO] [net.minecraft.server.level.progress.LoggerChunkProgressListener/]: Preparing spawn area: 2%
[02Juli2026 22:13:47.743] [Worker-Main-8/INFO] [net.minecraft.server.level.progress.LoggerChunkProgressListener/]: Preparing spawn area: 2%
[02Juli2026 22:13:48.261] [Worker-Main-7/INFO] [net.minecraft.server.level.progress.LoggerChunkProgressListener/]: Preparing spawn area: 18%
[02Juli2026 22:13:48.737] [Worker-Main-10/INFO] [net.minecraft.server.level.progress.LoggerChunkProgressListener/]: Preparing spawn area: 18%
[02Juli2026 22:13:49.258] [Worker-Main-9/INFO] [net.minecraft.server.level.progress.LoggerChunkProgressListener/]: Preparing spawn area: 51%
[02Juli2026 22:13:49.737] [Worker-Main-8/INFO] [net.minecraft.server.level.progress.LoggerChunkProgressListener/]: Preparing spawn area: 51%
[02Juli2026 22:13:49.917] [Server thread/INFO] [net.minecraft.server.level.progress.LoggerChunkProgressListener/]: Time elapsed: 2681 ms
[02Juli2026 22:13:49.917] [Server thread/INFO] [net.minecraft.server.dedicated.DedicatedServer/]: Done (5.801s)! For help, type "help"
[02Juli2026 22:13:49.947] [Server thread/INFO] [net.neoforged.neoforge.server.permission.PermissionAPI/]: Successfully initialized permission handler neoforge:default_handler
[02Juli2026 22:13:52.696] [Server thread/INFO] [net.geraldhofbauer.worldswitcher.WorldSwitcherMod/]: Loaded world 'reprowelt' as dimension worldswitcher:reprowelt (seed 777)
[02Juli2026 22:13:52.698] [Server thread/INFO] [net.minecraft.server.MinecraftServer/]: Created world reprowelt (seed 777) — click to switch
[02Juli2026 22:13:52.700] [Server thread/WARN] [net.minecraft.server.MinecraftServer/]: Can't keep up! Is the server overloaded? Running 2244ms or 44 ticks behind
[02Juli2026 22:14:22.913] [Server thread/INFO] [net.minecraft.server.players.PlayerList/]: TestBot[/127.0.0.1:52912] logged in with entity id 1 at (-8.5, 87.0, 1.5)
[02Juli2026 22:14:22.932] [Server thread/INFO] [net.minecraft.server.MinecraftServer/]: TestBot joined the game
[02Juli2026 22:14:26.148] [Server thread/INFO] [net.minecraft.server.MinecraftServer/]: [TestBot: Switched to reprowelt]
[02Juli2026 22:14:27.695] [Server thread/INFO] [net.minecraft.server.MinecraftServer/]: Made TestBot a server operator
[02Juli2026 22:14:33.158] [Server thread/INFO] [net.minecraft.server.MinecraftServer/]: TestBot was killed
[02Juli2026 22:14:33.165] [Server thread/INFO] [net.minecraft.server.MinecraftServer/]: [TestBot: Killed TestBot]
[02Juli2026 22:14:41.155] [Server thread/INFO] [net.minecraft.server.MinecraftServer/]: [TestBot: Switched to reprowelt]
[02Juli2026 22:14:48.219] [Server thread/INFO] [net.minecraft.server.network.ServerGamePacketListenerImpl/]: TestBot lost connection: Disconnected
[02Juli2026 22:14:48.219] [Server thread/INFO] [net.minecraft.server.MinecraftServer/]: TestBot left the game
[02Juli2026 22:15:24.626] [Server thread/INFO] [net.minecraft.server.players.PlayerList/]: TestBot[/127.0.0.1:41600] logged in with entity id 486 at (8.5, 71.0, 8.5)
[02Juli2026 22:15:24.633] [Server thread/INFO] [net.minecraft.server.MinecraftServer/]: TestBot joined the game
[02Juli2026 22:15:32.719] [Server thread/INFO] [net.minecraft.server.MinecraftServer/]: [TestBot: Set spawn point to 8, 71, 8 [0.0] in worldswitcher:reprowelt for TestBot]
[02Juli2026 22:15:35.719] [Server thread/INFO] [net.minecraft.server.MinecraftServer/]: TestBot was killed
[02Juli2026 22:15:35.720] [Server thread/INFO] [net.minecraft.server.MinecraftServer/]: [TestBot: Killed TestBot]
[02Juli2026 22:15:48.761] [Server thread/INFO] [net.minecraft.server.network.ServerGamePacketListenerImpl/]: TestBot lost connection: Disconnected
[02Juli2026 22:15:48.762] [Server thread/INFO] [net.minecraft.server.MinecraftServer/]: TestBot left the game
